[1.107s] DEBUG:colcon:Command line arguments: ['/usr/bin/colcon', 'build']
[1.107s] DEBUG:colcon:Parsed command line arguments: Namespace(log_base=None, log_level=None, verb_name='build', build_base='build', install_base='install', merge_install=False, symlink_install=False, test_result_base=None, continue_on_error=False, executor='parallel', parallel_workers=4, event_handlers=None, ignore_user_meta=False, metas=['./colcon.meta'], base_paths=['.'], packages_ignore=None, packages_ignore_regex=None, paths=None, packages_up_to=None, packages_up_to_regex=None, packages_above=None, packages_above_and_dependencies=None, packages_above_depth=None, packages_select_by_dep=None, packages_skip_by_dep=None, packages_skip_up_to=None, packages_select_build_failed=False, packages_skip_build_finished=False, packages_select_test_failures=False, packages_skip_test_passed=False, packages_select=None, packages_skip=None, packages_select_regex=None, packages_skip_regex=None, packages_start=None, packages_end=None, allow_overriding=[], cmake_args=None, cmake_target=None, cmake_target_skip_unavailable=False, cmake_clean_cache=False, cmake_clean_first=False, cmake_force_configure=False, ament_cmake_args=None, catkin_cmake_args=None, catkin_skip_building_tests=False, verb_parser=<colcon_defaults.argument_parser.defaults.DefaultArgumentsDecorator object at 0xffff939506d0>, verb_extension=<colcon_core.verb.build.BuildVerb object at 0xffff943918d0>, main=<bound method BuildVerb.main of <colcon_core.verb.build.BuildVerb object at 0xffff943918d0>>)
[1.201s] Level 1:colcon.colcon_core.package_discovery:discover_packages(colcon_meta) check parameters
[1.201s] Level 1:colcon.colcon_core.package_discovery:discover_packages(recursive) check parameters
[1.201s] Level 1:colcon.colcon_core.package_discovery:discover_packages(ignore) check parameters
[1.201s] Level 1:colcon.colcon_core.package_discovery:discover_packages(path) check parameters
[1.202s] Level 1:colcon.colcon_core.package_discovery:discover_packages(colcon_meta) discover
[1.202s] Level 1:colcon.colcon_core.package_discovery:discover_packages(recursive) discover
[1.202s] INFO:colcon.colcon_core.package_discovery:Crawling recursively for packages in '/home/pi/rasp_ws'
[1.202s] Level 1:colcon.colcon_core.package_identification:_identify(.) by extensions ['ignore', 'ignore_ament_install']
[1.203s] Level 1:colcon.colcon_core.package_identification:_identify(.) by extension 'ignore'
[1.203s] Level 1:colcon.colcon_core.package_identification:_identify(.) by extension 'ignore_ament_install'
[1.203s] Level 1:colcon.colcon_core.package_identification:_identify(.) by extensions ['colcon_pkg']
[1.203s] Level 1:colcon.colcon_core.package_identification:_identify(.) by extension 'colcon_pkg'
[1.203s] Level 1:colcon.colcon_core.package_identification:_identify(.) by extensions ['colcon_meta']
[1.203s] Level 1:colcon.colcon_core.package_identification:_identify(.) by extension 'colcon_meta'
[1.204s] Level 1:colcon.colcon_core.package_identification:_identify(.) by extensions ['ros']
[1.204s] Level 1:colcon.colcon_core.package_identification:_identify(.) by extension 'ros'
[1.281s] Level 1:colcon.colcon_core.package_identification:_identify(.) by extensions ['cmake', 'python']
[1.281s] Level 1:colcon.colcon_core.package_identification:_identify(.) by extension 'cmake'
[1.282s] Level 1:colcon.colcon_core.package_identification:_identify(.) by extension 'python'
[1.282s] Level 1:colcon.colcon_core.package_identification:_identify(.) by extensions ['python_setup_py']
[1.282s] Level 1:colcon.colcon_core.package_identification:_identify(.) by extension 'python_setup_py'
[1.282s] Level 1:colcon.colcon_core.package_identification:_identify(build) by extensions ['ignore', 'ignore_ament_install']
[1.283s] Level 1:colcon.colcon_core.package_identification:_identify(build) by extension 'ignore'
[1.283s] Level 1:colcon.colcon_core.package_identification:_identify(build) ignored
[1.283s] Level 1:colcon.colcon_core.package_identification:_identify(install) by extensions ['ignore', 'ignore_ament_install']
[1.284s] Level 1:colcon.colcon_core.package_identification:_identify(install) by extension 'ignore'
[1.284s] Level 1:colcon.colcon_core.package_identification:_identify(install) ignored
[1.285s] Level 1:colcon.colcon_core.package_identification:_identify(log) by extensions ['ignore', 'ignore_ament_install']
[1.285s] Level 1:colcon.colcon_core.package_identification:_identify(log) by extension 'ignore'
[1.285s] Level 1:colcon.colcon_core.package_identification:_identify(log) ignored
[1.285s] Level 1:colcon.colcon_core.package_identification:_identify(src) by extensions ['ignore', 'ignore_ament_install']
[1.286s] Level 1:colcon.colcon_core.package_identification:_identify(src) by extension 'ignore'
[1.286s] Level 1:colcon.colcon_core.package_identification:_identify(src) by extension 'ignore_ament_install'
[1.286s] Level 1:colcon.colcon_core.package_identification:_identify(src) by extensions ['colcon_pkg']
[1.286s] Level 1:colcon.colcon_core.package_identification:_identify(src) by extension 'colcon_pkg'
[1.286s] Level 1:colcon.colcon_core.package_identification:_identify(src) by extensions ['colcon_meta']
[1.286s] Level 1:colcon.colcon_core.package_identification:_identify(src) by extension 'colcon_meta'
[1.287s] Level 1:colcon.colcon_core.package_identification:_identify(src) by extensions ['ros']
[1.287s] Level 1:colcon.colcon_core.package_identification:_identify(src) by extension 'ros'
[1.287s] Level 1:colcon.colcon_core.package_identification:_identify(src) by extensions ['cmake', 'python']
[1.287s] Level 1:colcon.colcon_core.package_identification:_identify(src) by extension 'cmake'
[1.287s] Level 1:colcon.colcon_core.package_identification:_identify(src) by extension 'python'
[1.287s] Level 1:colcon.colcon_core.package_identification:_identify(src) by extensions ['python_setup_py']
[1.288s] Level 1:colcon.colcon_core.package_identification:_identify(src) by extension 'python_setup_py'
[1.288s] Level 1:colcon.colcon_core.package_identification:_identify(src/temp_sense) by extensions ['ignore', 'ignore_ament_install']
[1.288s] Level 1:colcon.colcon_core.package_identification:_identify(src/temp_sense) by extension 'ignore'
[1.289s] Level 1:colcon.colcon_core.package_identification:_identify(src/temp_sense) by extension 'ignore_ament_install'
[1.289s] Level 1:colcon.colcon_core.package_identification:_identify(src/temp_sense) by extensions ['colcon_pkg']
[1.289s] Level 1:colcon.colcon_core.package_identification:_identify(src/temp_sense) by extension 'colcon_pkg'
[1.289s] Level 1:colcon.colcon_core.package_identification:_identify(src/temp_sense) by extensions ['colcon_meta']
[1.289s] Level 1:colcon.colcon_core.package_identification:_identify(src/temp_sense) by extension 'colcon_meta'
[1.289s] Level 1:colcon.colcon_core.package_identification:_identify(src/temp_sense) by extensions ['ros']
[1.289s] Level 1:colcon.colcon_core.package_identification:_identify(src/temp_sense) by extension 'ros'
[1.290s] Level 1:colcon.colcon_core.package_identification:_identify(src/temp_sense) by extensions ['cmake', 'python']
[1.290s] Level 1:colcon.colcon_core.package_identification:_identify(src/temp_sense) by extension 'cmake'
[1.290s] Level 1:colcon.colcon_core.package_identification:_identify(src/temp_sense) by extension 'python'
[1.290s] Level 1:colcon.colcon_core.package_identification:_identify(src/temp_sense) by extensions ['python_setup_py']
[1.290s] Level 1:colcon.colcon_core.package_identification:_identify(src/temp_sense) by extension 'python_setup_py'
[1.291s] Level 1:colcon.colcon_core.package_identification:_identify(src/temp_sense_pkg) by extensions ['ignore', 'ignore_ament_install']
[1.291s] Level 1:colcon.colcon_core.package_identification:_identify(src/temp_sense_pkg) by extension 'ignore'
[1.291s] Level 1:colcon.colcon_core.package_identification:_identify(src/temp_sense_pkg) by extension 'ignore_ament_install'
[1.291s] Level 1:colcon.colcon_core.package_identification:_identify(src/temp_sense_pkg) by extensions ['colcon_pkg']
[1.291s] Level 1:colcon.colcon_core.package_identification:_identify(src/temp_sense_pkg) by extension 'colcon_pkg'
[1.292s] Level 1:colcon.colcon_core.package_identification:_identify(src/temp_sense_pkg) by extensions ['colcon_meta']
[1.292s] Level 1:colcon.colcon_core.package_identification:_identify(src/temp_sense_pkg) by extension 'colcon_meta'
[1.292s] Level 1:colcon.colcon_core.package_identification:_identify(src/temp_sense_pkg) by extensions ['ros']
[1.292s] Level 1:colcon.colcon_core.package_identification:_identify(src/temp_sense_pkg) by extension 'ros'
[1.303s] DEBUG:colcon.colcon_core.package_identification:Package 'src/temp_sense_pkg' with type 'ros.ament_cmake' and name 'temp_sense_pkg'
[1.303s] Level 1:colcon.colcon_core.package_discovery:discover_packages(recursive) using defaults
[1.303s] Level 1:colcon.colcon_core.package_discovery:discover_packages(ignore) discover
[1.304s] Level 1:colcon.colcon_core.package_discovery:discover_packages(ignore) using defaults
[1.304s] Level 1:colcon.colcon_core.package_discovery:discover_packages(path) discover
[1.304s] Level 1:colcon.colcon_core.package_discovery:discover_packages(path) using defaults
[1.390s] Level 1:colcon.colcon_core.package_discovery:discover_packages(prefix_path) check parameters
[1.390s] Level 1:colcon.colcon_core.package_discovery:discover_packages(prefix_path) discover
[1.401s] DEBUG:colcon.colcon_installed_package_information.package_discovery:Found 0 installed packages in /home/pi/rasp_ws/install
[1.408s] DEBUG:colcon.colcon_installed_package_information.package_discovery:Found 180 installed packages in /opt/ros/humble
[1.416s] Level 1:colcon.colcon_core.package_discovery:discover_packages(prefix_path) using defaults
[1.571s] Level 5:colcon.colcon_core.verb:set package 'temp_sense_pkg' build argument 'cmake_args' from command line to 'None'
[1.572s] Level 5:colcon.colcon_core.verb:set package 'temp_sense_pkg' build argument 'cmake_target' from command line to 'None'
[1.572s] Level 5:colcon.colcon_core.verb:set package 'temp_sense_pkg' build argument 'cmake_target_skip_unavailable' from command line to 'False'
[1.572s] Level 5:colcon.colcon_core.verb:set package 'temp_sense_pkg' build argument 'cmake_clean_cache' from command line to 'False'
[1.572s] Level 5:colcon.colcon_core.verb:set package 'temp_sense_pkg' build argument 'cmake_clean_first' from command line to 'False'
[1.572s] Level 5:colcon.colcon_core.verb:set package 'temp_sense_pkg' build argument 'cmake_force_configure' from command line to 'False'
[1.572s] Level 5:colcon.colcon_core.verb:set package 'temp_sense_pkg' build argument 'ament_cmake_args' from command line to 'None'
[1.572s] Level 5:colcon.colcon_core.verb:set package 'temp_sense_pkg' build argument 'catkin_cmake_args' from command line to 'None'
[1.572s] Level 5:colcon.colcon_core.verb:set package 'temp_sense_pkg' build argument 'catkin_skip_building_tests' from command line to 'False'
[1.573s] DEBUG:colcon.colcon_core.verb:Building package 'temp_sense_pkg' with the following arguments: {'ament_cmake_args': None, 'build_base': '/home/pi/rasp_ws/build/temp_sense_pkg', 'catkin_cmake_args': None, 'catkin_skip_building_tests': False, 'cmake_args': None, 'cmake_clean_cache': False, 'cmake_clean_first': False, 'cmake_force_configure': False, 'cmake_target': None, 'cmake_target_skip_unavailable': False, 'install_base': '/home/pi/rasp_ws/install/temp_sense_pkg', 'merge_install': False, 'path': '/home/pi/rasp_ws/src/temp_sense_pkg', 'symlink_install': False, 'test_result_base': None}
[1.575s] INFO:colcon.colcon_core.executor:Executing jobs using 'parallel' executor
[1.589s] DEBUG:colcon.colcon_parallel_executor.executor.parallel:run_until_complete
[1.590s] INFO:colcon.colcon_ros.task.ament_cmake.build:Building ROS package in '/home/pi/rasp_ws/src/temp_sense_pkg' with build type 'ament_cmake'
[1.591s] INFO:colcon.colcon_cmake.task.cmake.build:Building CMake package in '/home/pi/rasp_ws/src/temp_sense_pkg'
[1.608s] INFO:colcon.colcon_core.plugin_system:Skipping extension 'colcon_core.shell.bat': Not used on non-Windows systems
[1.609s] INFO:colcon.colcon_core.shell:Skip shell extension 'powershell' for command environment: Not usable outside of PowerShell
[1.609s] DEBUG:colcon.colcon_core.shell:Skip shell extension 'dsv' for command environment
[1.649s] DEBUG:colcon.colcon_core.event_handler.log_command:Invoking command in '/home/pi/rasp_ws/build/temp_sense_pkg': CMAKE_PREFIX_PATH=/opt/ros/humble /usr/bin/cmake /home/pi/rasp_ws/src/temp_sense_pkg -DCMAKE_INSTALL_PREFIX=/home/pi/rasp_ws/install/temp_sense_pkg
[2.984s] DEBUG:colcon.colcon_core.event_handler.log_command:Invoked command in '/home/pi/rasp_ws/build/temp_sense_pkg' returned '1': CMAKE_PREFIX_PATH=/opt/ros/humble /usr/bin/cmake /home/pi/rasp_ws/src/temp_sense_pkg -DCMAKE_INSTALL_PREFIX=/home/pi/rasp_ws/install/temp_sense_pkg
[3.026s] Level 1:colcon.colcon_core.environment:create_environment_scripts_only(temp_sense_pkg)
[3.054s] Level 1:colcon.colcon_core.environment:checking '/home/pi/rasp_ws/install/temp_sense_pkg' for CMake module files
[3.055s] Level 1:colcon.colcon_core.environment:checking '/home/pi/rasp_ws/install/temp_sense_pkg' for CMake config files
[3.057s] Level 1:colcon.colcon_core.environment:checking '/home/pi/rasp_ws/install/temp_sense_pkg/bin'
[3.057s] Level 1:colcon.colcon_core.environment:checking '/home/pi/rasp_ws/install/temp_sense_pkg/lib/pkgconfig/temp_sense_pkg.pc'
[3.058s] Level 1:colcon.colcon_core.environment:checking '/home/pi/rasp_ws/install/temp_sense_pkg/lib/python3.10/site-packages'
[3.059s] Level 1:colcon.colcon_core.environment:checking '/home/pi/rasp_ws/install/temp_sense_pkg/bin'
[3.063s] INFO:colcon.colcon_core.shell:Creating package script '/home/pi/rasp_ws/install/temp_sense_pkg/share/temp_sense_pkg/package.ps1'
[3.067s] INFO:colcon.colcon_core.shell:Creating package descriptor '/home/pi/rasp_ws/install/temp_sense_pkg/share/temp_sense_pkg/package.dsv'
[3.069s] INFO:colcon.colcon_core.shell:Creating package script '/home/pi/rasp_ws/install/temp_sense_pkg/share/temp_sense_pkg/package.sh'
[3.071s] INFO:colcon.colcon_core.shell:Creating package script '/home/pi/rasp_ws/install/temp_sense_pkg/share/temp_sense_pkg/package.bash'
[3.074s] INFO:colcon.colcon_core.shell:Creating package script '/home/pi/rasp_ws/install/temp_sense_pkg/share/temp_sense_pkg/package.zsh'
[3.076s] Level 1:colcon.colcon_core.environment:create_file_with_runtime_dependencies(/home/pi/rasp_ws/install/temp_sense_pkg/share/colcon-core/packages/temp_sense_pkg)
[3.088s] DEBUG:colcon.colcon_parallel_executor.executor.parallel:closing loop
[3.088s] DEBUG:colcon.colcon_parallel_executor.executor.parallel:loop closed
[3.089s] DEBUG:colcon.colcon_parallel_executor.executor.parallel:run_until_complete finished with '1'
[3.089s] DEBUG:colcon.colcon_core.event_reactor:joining thread
[3.118s] INFO:colcon.colcon_core.plugin_system:Skipping extension 'colcon_notification.desktop_notification.notify_send': Could not find 'notify-send'
[3.118s] INFO:colcon.colcon_core.plugin_system:Skipping extension 'colcon_notification.desktop_notification.terminal_notifier': Not used on non-Darwin systems
[3.118s] INFO:colcon.colcon_core.plugin_system:Skipping extension 'colcon_notification.desktop_notification.win32': Not used on non-Windows systems
[3.119s] INFO:colcon.colcon_notification.desktop_notification:Sending desktop notification using 'notify2'
[3.121s] DEBUG:colcon.colcon_notification.desktop_notification.notify2:Failed to initialize notify2: org.freedesktop.DBus.Error.ServiceUnknown: The name org.freedesktop.Notifications was not provided by any .service files
[3.122s] DEBUG:colcon.colcon_core.event_reactor:joined thread
[3.127s] INFO:colcon.colcon_core.shell:Creating prefix script '/home/pi/rasp_ws/install/local_setup.ps1'
[3.131s] INFO:colcon.colcon_core.shell:Creating prefix util module '/home/pi/rasp_ws/install/_local_setup_util_ps1.py'
[3.136s] INFO:colcon.colcon_core.shell:Creating prefix chain script '/home/pi/rasp_ws/install/setup.ps1'
[3.141s] INFO:colcon.colcon_core.shell:Creating prefix script '/home/pi/rasp_ws/install/local_setup.sh'
[3.144s] INFO:colcon.colcon_core.shell:Creating prefix util module '/home/pi/rasp_ws/install/_local_setup_util_sh.py'
[3.146s] INFO:colcon.colcon_core.shell:Creating prefix chain script '/home/pi/rasp_ws/install/setup.sh'
[3.151s] INFO:colcon.colcon_core.shell:Creating prefix script '/home/pi/rasp_ws/install/local_setup.bash'
[3.153s] INFO:colcon.colcon_core.shell:Creating prefix chain script '/home/pi/rasp_ws/install/setup.bash'
[3.158s] INFO:colcon.colcon_core.shell:Creating prefix script '/home/pi/rasp_ws/install/local_setup.zsh'
[3.160s] INFO:colcon.colcon_core.shell:Creating prefix chain script '/home/pi/rasp_ws/install/setup.zsh'
