[0.054s] Invoking command in '/home/pi/rasp_ws/build/temp_sense_pkg': CMAKE_PREFIX_PATH=/opt/ros/humble /usr/bin/cmake /home/pi/rasp_ws/src/temp_sense_pkg -DCMAKE_INSTALL_PREFIX=/home/pi/rasp_ws/install/temp_sense_pkg
[0.416s] -- The C compiler identification is GNU 11.2.0
[1.017s] -- The CXX compiler identification is unknown
[1.036s] -- Detecting C compiler ABI info
[1.337s] -- Detecting C compiler ABI info - done
[1.364s] -- Check for working C compiler: /usr/bin/cc - skipped
[1.364s] -- Detecting C compile features
[1.366s] -- Detecting C compile features - done
[1.369s] [31mCMake Error at CMakeLists.txt:2 (project):
[1.369s]   No CMAKE_CXX_COMPILER could be found.
[1.369s] 
[1.370s]   Tell CMake where to find the compiler by setting either the environment
[1.370s]   variable "CXX" or the CMake cache entry CMAKE_CXX_COMPILER to the full path
[1.370s]   to the compiler, or to the compiler name if it is in the PATH.
[1.370s] 
[1.371s] [0m
[1.374s] -- Configuring incomplete, errors occurred!
[1.374s] See also "/home/pi/rasp_ws/build/temp_sense_pkg/CMakeFiles/CMakeOutput.log".
[1.374s] See also "/home/pi/rasp_ws/build/temp_sense_pkg/CMakeFiles/CMakeError.log".
[1.391s] Invoked command in '/home/pi/rasp_ws/build/temp_sense_pkg' returned '1': CMAKE_PREFIX_PATH=/opt/ros/humble /usr/bin/cmake /home/pi/rasp_ws/src/temp_sense_pkg -DCMAKE_INSTALL_PREFIX=/home/pi/rasp_ws/install/temp_sense_pkg
