[2.303s] Invoking command in '/home/pi/rasp_ws/src/temp_sense': PYTHONPATH=/home/pi/rasp_ws/install/temp_sense/lib/python3.10/site-packages:${PYTHONPATH} /usr/bin/python3 setup.py egg_info --egg-base ../../build/temp_sense build --build-base /home/pi/rasp_ws/build/temp_sense/build install --prefix /home/pi/rasp_ws/install/temp_sense --record /home/pi/rasp_ws/build/temp_sense/install.log --single-version-externally-managed
[3.166s] running egg_info
[3.168s] writing ../../build/temp_sense/temp_sense.egg-info/PKG-INFO
[3.169s] writing dependency_links to ../../build/temp_sense/temp_sense.egg-info/dependency_links.txt
[3.170s] writing entry points to ../../build/temp_sense/temp_sense.egg-info/entry_points.txt
[3.171s] writing requirements to ../../build/temp_sense/temp_sense.egg-info/requires.txt
[3.172s] writing top-level names to ../../build/temp_sense/temp_sense.egg-info/top_level.txt
[3.179s] reading manifest file '../../build/temp_sense/temp_sense.egg-info/SOURCES.txt'
[3.183s] writing manifest file '../../build/temp_sense/temp_sense.egg-info/SOURCES.txt'
[3.183s] running build
[3.184s] running build_py
[3.184s] copying temp_sense/temp_sense.py -> /home/pi/rasp_ws/build/temp_sense/build/lib/temp_sense
[3.186s] running install
[3.186s] /usr/lib/python3/dist-packages/setuptools/command/install.py:34: SetuptoolsDeprecationWarning: setup.py install is deprecated. Use build and pip and other standards-based tools.
[3.187s]   warnings.warn(
[3.187s] running install_lib
[3.190s] copying /home/pi/rasp_ws/build/temp_sense/build/lib/temp_sense/temp_sense.py -> /home/pi/rasp_ws/install/temp_sense/lib/python3.10/site-packages/temp_sense
[3.193s] byte-compiling /home/pi/rasp_ws/install/temp_sense/lib/python3.10/site-packages/temp_sense/temp_sense.py to temp_sense.cpython-310.pyc
[3.196s] running install_data
[3.198s] running install_egg_info
[3.203s] removing '/home/pi/rasp_ws/install/temp_sense/lib/python3.10/site-packages/temp_sense-0.0.0-py3.10.egg-info' (and everything under it)
[3.205s] Copying ../../build/temp_sense/temp_sense.egg-info to /home/pi/rasp_ws/install/temp_sense/lib/python3.10/site-packages/temp_sense-0.0.0-py3.10.egg-info
[3.210s] running install_scripts
[3.286s] Installing temp_sense script to /home/pi/rasp_ws/install/temp_sense/lib/temp_sense
[3.288s] writing list of installed files to '/home/pi/rasp_ws/build/temp_sense/install.log'
[3.401s] Invoked command in '/home/pi/rasp_ws/src/temp_sense' returned '0': PYTHONPATH=/home/pi/rasp_ws/install/temp_sense/lib/python3.10/site-packages:${PYTHONPATH} /usr/bin/python3 setup.py egg_info --egg-base ../../build/temp_sense build --build-base /home/pi/rasp_ws/build/temp_sense/build install --prefix /home/pi/rasp_ws/install/temp_sense --record /home/pi/rasp_ws/build/temp_sense/install.log --single-version-externally-managed
