[0.401s] Invoking command in '/home/me/temp_ws/src/temp_pkg': PYTHONPATH=/home/me/temp_ws/install/temp_pkg/lib/python3.10/site-packages:${PYTHONPATH} /usr/bin/python3 setup.py egg_info --egg-base ../../build/temp_pkg build --build-base /home/me/temp_ws/build/temp_pkg/build install --prefix /home/me/temp_ws/install/temp_pkg --record /home/me/temp_ws/build/temp_pkg/install.log --single-version-externally-managed
[0.551s] running egg_info
[0.553s] writing ../../build/temp_pkg/temp_pkg.egg-info/PKG-INFO
[0.553s] writing dependency_links to ../../build/temp_pkg/temp_pkg.egg-info/dependency_links.txt
[0.553s] writing entry points to ../../build/temp_pkg/temp_pkg.egg-info/entry_points.txt
[0.553s] writing requirements to ../../build/temp_pkg/temp_pkg.egg-info/requires.txt
[0.554s] writing top-level names to ../../build/temp_pkg/temp_pkg.egg-info/top_level.txt
[0.555s] reading manifest file '../../build/temp_pkg/temp_pkg.egg-info/SOURCES.txt'
[0.555s] writing manifest file '../../build/temp_pkg/temp_pkg.egg-info/SOURCES.txt'
[0.557s] running build
[0.557s] running build_py
[0.557s] copying temp_pkg/temp_monitor.py -> /home/me/temp_ws/build/temp_pkg/build/lib/temp_pkg
[0.557s] running install
[0.557s] running install_lib
[0.557s] copying /home/me/temp_ws/build/temp_pkg/build/lib/temp_pkg/temp_monitor.py -> /home/me/temp_ws/install/temp_pkg/lib/python3.10/site-packages/temp_pkg
[0.557s] /usr/lib/python3/dist-packages/setuptools/command/install.py:34: SetuptoolsDeprecationWarning: setup.py install is deprecated. Use build and pip and other standards-based tools.
[0.557s]   warnings.warn(
[0.557s] byte-compiling /home/me/temp_ws/install/temp_pkg/lib/python3.10/site-packages/temp_pkg/temp_monitor.py to temp_monitor.cpython-310.pyc
[0.558s] running install_data
[0.558s] running install_egg_info
[0.559s] removing '/home/me/temp_ws/install/temp_pkg/lib/python3.10/site-packages/temp_pkg-0.0.0-py3.10.egg-info' (and everything under it)
[0.569s] Copying ../../build/temp_pkg/temp_pkg.egg-info to /home/me/temp_ws/install/temp_pkg/lib/python3.10/site-packages/temp_pkg-0.0.0-py3.10.egg-info
[0.569s] running install_scripts
[0.590s] Installing temp_monitor script to /home/me/temp_ws/install/temp_pkg/lib/temp_pkg
[0.590s] writing list of installed files to '/home/me/temp_ws/build/temp_pkg/install.log'
[0.605s] Invoked command in '/home/me/temp_ws/src/temp_pkg' returned '0': PYTHONPATH=/home/me/temp_ws/install/temp_pkg/lib/python3.10/site-packages:${PYTHONPATH} /usr/bin/python3 setup.py egg_info --egg-base ../../build/temp_pkg build --build-base /home/me/temp_ws/build/temp_pkg/build install --prefix /home/me/temp_ws/install/temp_pkg --record /home/me/temp_ws/build/temp_pkg/install.log --single-version-externally-managed
