[1.106s] DEBUG:colcon:Command line arguments: ['/usr/bin/colcon', 'build']
[1.106s] DEBUG:colcon:Parsed command line arguments: Namespace(log_base=None, log_level=None, verb_name='build', build_base='build', install_base='install', merge_install=False, symlink_install=False, test_result_base=None, continue_on_error=False, executor='parallel', parallel_workers=4, event_handlers=None, ignore_user_meta=False, metas=['./colcon.meta'], base_paths=['.'], packages_ignore=None, packages_ignore_regex=None, paths=None, packages_up_to=None, packages_up_to_regex=None, packages_above=None, packages_above_and_dependencies=None, packages_above_depth=None, packages_select_by_dep=None, packages_skip_by_dep=None, packages_skip_up_to=None, packages_select_build_failed=False, packages_skip_build_finished=False, packages_select_test_failures=False, packages_skip_test_passed=False, packages_select=None, packages_skip=None, packages_select_regex=None, packages_skip_regex=None, packages_start=None, packages_end=None, allow_overriding=[], cmake_args=None, cmake_target=None, cmake_target_skip_unavailable=False, cmake_clean_cache=False, cmake_clean_first=False, cmake_force_configure=False, ament_cmake_args=None, catkin_cmake_args=None, catkin_skip_building_tests=False, verb_parser=<colcon_defaults.argument_parser.defaults.DefaultArgumentsDecorator object at 0xffffa8ad0700>, verb_extension=<colcon_core.verb.build.BuildVerb object at 0xffffa9510610>, main=<bound method BuildVerb.main of <colcon_core.verb.build.BuildVerb object at 0xffffa9510610>>)
[1.200s] Level 1:colcon.colcon_core.package_discovery:discover_packages(colcon_meta) check parameters
[1.200s] Level 1:colcon.colcon_core.package_discovery:discover_packages(recursive) check parameters
[1.200s] Level 1:colcon.colcon_core.package_discovery:discover_packages(ignore) check parameters
[1.200s] Level 1:colcon.colcon_core.package_discovery:discover_packages(path) check parameters
[1.201s] Level 1:colcon.colcon_core.package_discovery:discover_packages(colcon_meta) discover
[1.201s] Level 1:colcon.colcon_core.package_discovery:discover_packages(recursive) discover
[1.201s] INFO:colcon.colcon_core.package_discovery:Crawling recursively for packages in '/home/pi/rasp_ws'
[1.201s] Level 1:colcon.colcon_core.package_identification:_identify(.) by extensions ['ignore', 'ignore_ament_install']
[1.202s] Level 1:colcon.colcon_core.package_identification:_identify(.) by extension 'ignore'
[1.202s] Level 1:colcon.colcon_core.package_identification:_identify(.) by extension 'ignore_ament_install'
[1.202s] Level 1:colcon.colcon_core.package_identification:_identify(.) by extensions ['colcon_pkg']
[1.202s] Level 1:colcon.colcon_core.package_identification:_identify(.) by extension 'colcon_pkg'
[1.202s] Level 1:colcon.colcon_core.package_identification:_identify(.) by extensions ['colcon_meta']
[1.202s] Level 1:colcon.colcon_core.package_identification:_identify(.) by extension 'colcon_meta'
[1.203s] Level 1:colcon.colcon_core.package_identification:_identify(.) by extensions ['ros']
[1.203s] Level 1:colcon.colcon_core.package_identification:_identify(.) by extension 'ros'
[1.280s] Level 1:colcon.colcon_core.package_identification:_identify(.) by extensions ['cmake', 'python']
[1.280s] Level 1:colcon.colcon_core.package_identification:_identify(.) by extension 'cmake'
[1.280s] Level 1:colcon.colcon_core.package_identification:_identify(.) by extension 'python'
[1.281s] Level 1:colcon.colcon_core.package_identification:_identify(.) by extensions ['python_setup_py']
[1.281s] Level 1:colcon.colcon_core.package_identification:_identify(.) by extension 'python_setup_py'
[1.281s] Level 1:colcon.colcon_core.package_identification:_identify(build) by extensions ['ignore', 'ignore_ament_install']
[1.282s] Level 1:colcon.colcon_core.package_identification:_identify(build) by extension 'ignore'
[1.282s] Level 1:colcon.colcon_core.package_identification:_identify(build) ignored
[1.282s] Level 1:colcon.colcon_core.package_identification:_identify(install) by extensions ['ignore', 'ignore_ament_install']
[1.283s] Level 1:colcon.colcon_core.package_identification:_identify(install) by extension 'ignore'
[1.283s] Level 1:colcon.colcon_core.package_identification:_identify(install) ignored
[1.283s] Level 1:colcon.colcon_core.package_identification:_identify(log) by extensions ['ignore', 'ignore_ament_install']
[1.284s] Level 1:colcon.colcon_core.package_identification:_identify(log) by extension 'ignore'
[1.284s] Level 1:colcon.colcon_core.package_identification:_identify(log) ignored
[1.284s] Level 1:colcon.colcon_core.package_identification:_identify(src) by extensions ['ignore', 'ignore_ament_install']
[1.284s] Level 1:colcon.colcon_core.package_identification:_identify(src) by extension 'ignore'
[1.285s] Level 1:colcon.colcon_core.package_identification:_identify(src) by extension 'ignore_ament_install'
[1.285s] Level 1:colcon.colcon_core.package_identification:_identify(src) by extensions ['colcon_pkg']
[1.285s] Level 1:colcon.colcon_core.package_identification:_identify(src) by extension 'colcon_pkg'
[1.285s] Level 1:colcon.colcon_core.package_identification:_identify(src) by extensions ['colcon_meta']
[1.285s] Level 1:colcon.colcon_core.package_identification:_identify(src) by extension 'colcon_meta'
[1.285s] Level 1:colcon.colcon_core.package_identification:_identify(src) by extensions ['ros']
[1.286s] Level 1:colcon.colcon_core.package_identification:_identify(src) by extension 'ros'
[1.286s] Level 1:colcon.colcon_core.package_identification:_identify(src) by extensions ['cmake', 'python']
[1.286s] Level 1:colcon.colcon_core.package_identification:_identify(src) by extension 'cmake'
[1.286s] Level 1:colcon.colcon_core.package_identification:_identify(src) by extension 'python'
[1.286s] Level 1:colcon.colcon_core.package_identification:_identify(src) by extensions ['python_setup_py']
[1.286s] Level 1:colcon.colcon_core.package_identification:_identify(src) by extension 'python_setup_py'
[1.287s] Level 1:colcon.colcon_core.package_identification:_identify(src/temp_sense) by extensions ['ignore', 'ignore_ament_install']
[1.287s] Level 1:colcon.colcon_core.package_identification:_identify(src/temp_sense) by extension 'ignore'
[1.287s] Level 1:colcon.colcon_core.package_identification:_identify(src/temp_sense) by extension 'ignore_ament_install'
[1.287s] Level 1:colcon.colcon_core.package_identification:_identify(src/temp_sense) by extensions ['colcon_pkg']
[1.288s] Level 1:colcon.colcon_core.package_identification:_identify(src/temp_sense) by extension 'colcon_pkg'
[1.288s] Level 1:colcon.colcon_core.package_identification:_identify(src/temp_sense) by extensions ['colcon_meta']
[1.288s] Level 1:colcon.colcon_core.package_identification:_identify(src/temp_sense) by extension 'colcon_meta'
[1.288s] Level 1:colcon.colcon_core.package_identification:_identify(src/temp_sense) by extensions ['ros']
[1.288s] Level 1:colcon.colcon_core.package_identification:_identify(src/temp_sense) by extension 'ros'
[1.297s] DEBUG:colcon.colcon_core.package_identification:Package 'src/temp_sense' with type 'ros.ament_python' and name 'temp_sense'
[1.297s] Level 1:colcon.colcon_core.package_discovery:discover_packages(recursive) using defaults
[1.297s] Level 1:colcon.colcon_core.package_discovery:discover_packages(ignore) discover
[1.297s] Level 1:colcon.colcon_core.package_discovery:discover_packages(ignore) using defaults
[1.298s] Level 1:colcon.colcon_core.package_discovery:discover_packages(path) discover
[1.298s] Level 1:colcon.colcon_core.package_discovery:discover_packages(path) using defaults
[1.384s] Level 1:colcon.colcon_core.package_discovery:discover_packages(prefix_path) check parameters
[1.384s] Level 1:colcon.colcon_core.package_discovery:discover_packages(prefix_path) discover
[1.395s] DEBUG:colcon.colcon_installed_package_information.package_discovery:Found 2 installed packages in /home/pi/rasp_ws/install
[1.403s] DEBUG:colcon.colcon_installed_package_information.package_discovery:Found 180 installed packages in /opt/ros/humble
[1.411s] Level 1:colcon.colcon_core.package_discovery:discover_packages(prefix_path) using defaults
[1.568s] Level 5:colcon.colcon_core.verb:set package 'temp_sense' build argument 'cmake_args' from command line to 'None'
[1.568s] Level 5:colcon.colcon_core.verb:set package 'temp_sense' build argument 'cmake_target' from command line to 'None'
[1.568s] Level 5:colcon.colcon_core.verb:set package 'temp_sense' build argument 'cmake_target_skip_unavailable' from command line to 'False'
[1.568s] Level 5:colcon.colcon_core.verb:set package 'temp_sense' build argument 'cmake_clean_cache' from command line to 'False'
[1.568s] Level 5:colcon.colcon_core.verb:set package 'temp_sense' build argument 'cmake_clean_first' from command line to 'False'
[1.568s] Level 5:colcon.colcon_core.verb:set package 'temp_sense' build argument 'cmake_force_configure' from command line to 'False'
[1.568s] Level 5:colcon.colcon_core.verb:set package 'temp_sense' build argument 'ament_cmake_args' from command line to 'None'
[1.569s] Level 5:colcon.colcon_core.verb:set package 'temp_sense' build argument 'catkin_cmake_args' from command line to 'None'
[1.569s] Level 5:colcon.colcon_core.verb:set package 'temp_sense' build argument 'catkin_skip_building_tests' from command line to 'False'
[1.569s] DEBUG:colcon.colcon_core.verb:Building package 'temp_sense' with the following arguments: {'ament_cmake_args': None, 'build_base': '/home/pi/rasp_ws/build/temp_sense', 'catkin_cmake_args': None, 'catkin_skip_building_tests': False, 'cmake_args': None, 'cmake_clean_cache': False, 'cmake_clean_first': False, 'cmake_force_configure': False, 'cmake_target': None, 'cmake_target_skip_unavailable': False, 'install_base': '/home/pi/rasp_ws/install/temp_sense', 'merge_install': False, 'path': '/home/pi/rasp_ws/src/temp_sense', 'symlink_install': False, 'test_result_base': None}
[1.571s] INFO:colcon.colcon_core.executor:Executing jobs using 'parallel' executor
[1.585s] DEBUG:colcon.colcon_parallel_executor.executor.parallel:run_until_complete
[1.586s] INFO:colcon.colcon_ros.task.ament_python.build:Building ROS package in '/home/pi/rasp_ws/src/temp_sense' with build type 'ament_python'
[1.587s] Level 1:colcon.colcon_core.shell:create_environment_hook('temp_sense', 'ament_prefix_path')
[1.604s] INFO:colcon.colcon_core.plugin_system:Skipping extension 'colcon_core.shell.bat': Not used on non-Windows systems
[1.605s] INFO:colcon.colcon_core.shell:Creating environment hook '/home/pi/rasp_ws/install/temp_sense/share/temp_sense/hook/ament_prefix_path.ps1'
[1.607s] INFO:colcon.colcon_core.shell:Creating environment descriptor '/home/pi/rasp_ws/install/temp_sense/share/temp_sense/hook/ament_prefix_path.dsv'
[1.609s] INFO:colcon.colcon_core.shell:Creating environment hook '/home/pi/rasp_ws/install/temp_sense/share/temp_sense/hook/ament_prefix_path.sh'
[1.616s] INFO:colcon.colcon_core.shell:Skip shell extension 'powershell' for command environment: Not usable outside of PowerShell
[1.616s] DEBUG:colcon.colcon_core.shell:Skip shell extension 'dsv' for command environment
[2.563s] INFO:colcon.colcon_core.task.python.build:Building Python package in '/home/pi/rasp_ws/src/temp_sense'
[2.568s] INFO:colcon.colcon_core.shell:Skip shell extension 'powershell' for command environment: Not usable outside of PowerShell
[2.568s] DEBUG:colcon.colcon_core.shell:Skip shell extension 'dsv' for command environment
[3.876s] DEBUG:colcon.colcon_core.event_handler.log_command:Invoking command in '/home/pi/rasp_ws/src/temp_sense': PYTHONPATH=/home/pi/rasp_ws/install/temp_sense/lib/python3.10/site-packages:${PYTHONPATH} /usr/bin/python3 setup.py egg_info --egg-base ../../build/temp_sense build --build-base /home/pi/rasp_ws/build/temp_sense/build install --prefix /home/pi/rasp_ws/install/temp_sense --record /home/pi/rasp_ws/build/temp_sense/install.log --single-version-externally-managed
[4.968s] DEBUG:colcon.colcon_core.event_handler.log_command:Invoked command in '/home/pi/rasp_ws/src/temp_sense' returned '0': PYTHONPATH=/home/pi/rasp_ws/install/temp_sense/lib/python3.10/site-packages:${PYTHONPATH} /usr/bin/python3 setup.py egg_info --egg-base ../../build/temp_sense build --build-base /home/pi/rasp_ws/build/temp_sense/build install --prefix /home/pi/rasp_ws/install/temp_sense --record /home/pi/rasp_ws/build/temp_sense/install.log --single-version-externally-managed
[4.991s] Level 1:colcon.colcon_core.environment:checking '/home/pi/rasp_ws/install/temp_sense' for CMake module files
[4.993s] Level 1:colcon.colcon_core.environment:checking '/home/pi/rasp_ws/install/temp_sense' for CMake config files
[4.997s] Level 1:colcon.colcon_core.environment:checking '/home/pi/rasp_ws/install/temp_sense/lib'
[4.998s] Level 1:colcon.colcon_core.environment:checking '/home/pi/rasp_ws/install/temp_sense/bin'
[4.998s] Level 1:colcon.colcon_core.environment:checking '/home/pi/rasp_ws/install/temp_sense/lib/pkgconfig/temp_sense.pc'
[4.999s] Level 1:colcon.colcon_core.environment:checking '/home/pi/rasp_ws/install/temp_sense/lib/python3.10/site-packages'
[4.999s] Level 1:colcon.colcon_core.shell:create_environment_hook('temp_sense', 'pythonpath')
[5.003s] INFO:colcon.colcon_core.shell:Creating environment hook '/home/pi/rasp_ws/install/temp_sense/share/temp_sense/hook/pythonpath.ps1'
[5.006s] INFO:colcon.colcon_core.shell:Creating environment descriptor '/home/pi/rasp_ws/install/temp_sense/share/temp_sense/hook/pythonpath.dsv'
[5.008s] INFO:colcon.colcon_core.shell:Creating environment hook '/home/pi/rasp_ws/install/temp_sense/share/temp_sense/hook/pythonpath.sh'
[5.010s] Level 1:colcon.colcon_core.environment:checking '/home/pi/rasp_ws/install/temp_sense/bin'
[5.011s] Level 1:colcon.colcon_core.environment:create_environment_scripts_only(temp_sense)
[5.015s] INFO:colcon.colcon_core.shell:Creating package script '/home/pi/rasp_ws/install/temp_sense/share/temp_sense/package.ps1'
[5.019s] INFO:colcon.colcon_core.shell:Creating package descriptor '/home/pi/rasp_ws/install/temp_sense/share/temp_sense/package.dsv'
[5.022s] INFO:colcon.colcon_core.shell:Creating package script '/home/pi/rasp_ws/install/temp_sense/share/temp_sense/package.sh'
[5.025s] INFO:colcon.colcon_core.shell:Creating package script '/home/pi/rasp_ws/install/temp_sense/share/temp_sense/package.bash'
[5.028s] INFO:colcon.colcon_core.shell:Creating package script '/home/pi/rasp_ws/install/temp_sense/share/temp_sense/package.zsh'
[5.031s] Level 1:colcon.colcon_core.environment:create_file_with_runtime_dependencies(/home/pi/rasp_ws/install/temp_sense/share/colcon-core/packages/temp_sense)
[5.033s] DEBUG:colcon.colcon_parallel_executor.executor.parallel:closing loop
[5.034s] DEBUG:colcon.colcon_parallel_executor.executor.parallel:loop closed
[5.034s] DEBUG:colcon.colcon_parallel_executor.executor.parallel:run_until_complete finished with '0'
[5.034s] DEBUG:colcon.colcon_core.event_reactor:joining thread
[5.059s] INFO:colcon.colcon_core.plugin_system:Skipping extension 'colcon_notification.desktop_notification.notify_send': Could not find 'notify-send'
[5.059s] INFO:colcon.colcon_core.plugin_system:Skipping extension 'colcon_notification.desktop_notification.terminal_notifier': Not used on non-Darwin systems
[5.060s] INFO:colcon.colcon_core.plugin_system:Skipping extension 'colcon_notification.desktop_notification.win32': Not used on non-Windows systems
[5.060s] INFO:colcon.colcon_notification.desktop_notification:Sending desktop notification using 'notify2'
[5.063s] DEBUG:colcon.colcon_notification.desktop_notification.notify2:Failed to initialize notify2: org.freedesktop.DBus.Error.ServiceUnknown: The name org.freedesktop.Notifications was not provided by any .service files
[5.063s] DEBUG:colcon.colcon_core.event_reactor:joined thread
[5.067s] INFO:colcon.colcon_core.shell:Creating prefix script '/home/pi/rasp_ws/install/local_setup.ps1'
[5.071s] INFO:colcon.colcon_core.shell:Creating prefix util module '/home/pi/rasp_ws/install/_local_setup_util_ps1.py'
[5.077s] INFO:colcon.colcon_core.shell:Creating prefix chain script '/home/pi/rasp_ws/install/setup.ps1'
[5.083s] INFO:colcon.colcon_core.shell:Creating prefix script '/home/pi/rasp_ws/install/local_setup.sh'
[5.086s] INFO:colcon.colcon_core.shell:Creating prefix util module '/home/pi/rasp_ws/install/_local_setup_util_sh.py'
[5.089s] INFO:colcon.colcon_core.shell:Creating prefix chain script '/home/pi/rasp_ws/install/setup.sh'
[5.094s] INFO:colcon.colcon_core.shell:Creating prefix script '/home/pi/rasp_ws/install/local_setup.bash'
[5.096s] INFO:colcon.colcon_core.shell:Creating prefix chain script '/home/pi/rasp_ws/install/setup.bash'
[5.102s] INFO:colcon.colcon_core.shell:Creating prefix script '/home/pi/rasp_ws/install/local_setup.zsh'
[5.104s] INFO:colcon.colcon_core.shell:Creating prefix chain script '/home/pi/rasp_ws/install/setup.zsh'
