running egg_info
writing ../../build/temp_sense/temp_sense.egg-info/PKG-INFO
writing dependency_links to ../../build/temp_sense/temp_sense.egg-info/dependency_links.txt
writing entry points to ../../build/temp_sense/temp_sense.egg-info/entry_points.txt
writing requirements to ../../build/temp_sense/temp_sense.egg-info/requires.txt
writing top-level names to ../../build/temp_sense/temp_sense.egg-info/top_level.txt
reading manifest file '../../build/temp_sense/temp_sense.egg-info/SOURCES.txt'
writing manifest file '../../build/temp_sense/temp_sense.egg-info/SOURCES.txt'
running build
running build_py
copying temp_sense/temp_sense.py -> /home/pi/rasp_ws/build/temp_sense/build/lib/temp_sense
running install
/usr/lib/python3/dist-packages/setuptools/command/install.py:34: SetuptoolsDeprecationWarning: setup.py install is deprecated. Use build and pip and other standards-based tools.
  warnings.warn(
running install_lib
copying /home/pi/rasp_ws/build/temp_sense/build/lib/temp_sense/temp_sense.py -> /home/pi/rasp_ws/install/temp_sense/lib/python3.10/site-packages/temp_sense
byte-compiling /home/pi/rasp_ws/install/temp_sense/lib/python3.10/site-packages/temp_sense/temp_sense.py to temp_sense.cpython-310.pyc
Sorry: TabError: inconsistent use of tabs and spaces in indentation (temp_sense.py, line 16)
running install_data
running install_egg_info
removing '/home/pi/rasp_ws/install/temp_sense/lib/python3.10/site-packages/temp_sense-0.0.0-py3.10.egg-info' (and everything under it)
Copying ../../build/temp_sense/temp_sense.egg-info to /home/pi/rasp_ws/install/temp_sense/lib/python3.10/site-packages/temp_sense-0.0.0-py3.10.egg-info
running install_scripts
Installing temp_sense script to /home/pi/rasp_ws/install/temp_sense/lib/temp_sense
writing list of installed files to '/home/pi/rasp_ws/build/temp_sense/install.log'
