[2.318s] Invoking command in '/home/pi/rasp_ws/src/temp_sense': PYTHONPATH=/home/pi/rasp_ws/install/temp_sense/lib/python3.10/site-packages:${PYTHONPATH} /usr/bin/python3 setup.py egg_info --egg-base ../../build/temp_sense build --build-base /home/pi/rasp_ws/build/temp_sense/build install --prefix /home/pi/rasp_ws/install/temp_sense --record /home/pi/rasp_ws/build/temp_sense/install.log --single-version-externally-managed
[3.184s] running egg_info
[3.187s] writing ../../build/temp_sense/temp_sense.egg-info/PKG-INFO
[3.188s] writing dependency_links to ../../build/temp_sense/temp_sense.egg-info/dependency_links.txt
[3.189s] writing entry points to ../../build/temp_sense/temp_sense.egg-info/entry_points.txt
[3.190s] writing requirements to ../../build/temp_sense/temp_sense.egg-info/requires.txt
[3.190s] writing top-level names to ../../build/temp_sense/temp_sense.egg-info/top_level.txt
[3.198s] reading manifest file '../../build/temp_sense/temp_sense.egg-info/SOURCES.txt'
[3.201s] writing manifest file '../../build/temp_sense/temp_sense.egg-info/SOURCES.txt'
[3.202s] running build
[3.202s] running build_py
[3.204s] running install
[3.204s] /usr/lib/python3/dist-packages/setuptools/command/install.py:34: SetuptoolsDeprecationWarning: setup.py install is deprecated. Use build and pip and other standards-based tools.
[3.204s]   warnings.warn(
[3.205s] running install_lib
[3.211s] running install_data
[3.213s] running install_egg_info
[3.218s] removing '/home/pi/rasp_ws/install/temp_sense/lib/python3.10/site-packages/temp_sense-0.0.0-py3.10.egg-info' (and everything under it)
[3.220s] Copying ../../build/temp_sense/temp_sense.egg-info to /home/pi/rasp_ws/install/temp_sense/lib/python3.10/site-packages/temp_sense-0.0.0-py3.10.egg-info
[3.225s] running install_scripts
[3.301s] Installing temp_sense script to /home/pi/rasp_ws/install/temp_sense/lib/temp_sense
[3.302s] writing list of installed files to '/home/pi/rasp_ws/build/temp_sense/install.log'
[3.416s] Invoked command in '/home/pi/rasp_ws/src/temp_sense' returned '0': PYTHONPATH=/home/pi/rasp_ws/install/temp_sense/lib/python3.10/site-packages:${PYTHONPATH} /usr/bin/python3 setup.py egg_info --egg-base ../../build/temp_sense build --build-base /home/pi/rasp_ws/build/temp_sense/build install --prefix /home/pi/rasp_ws/install/temp_sense --record /home/pi/rasp_ws/build/temp_sense/install.log --single-version-externally-managed
