running egg_info
writing ../../build/temp_pkg/temp_pkg.egg-info/PKG-INFO
writing dependency_links to ../../build/temp_pkg/temp_pkg.egg-info/dependency_links.txt
writing entry points to ../../build/temp_pkg/temp_pkg.egg-info/entry_points.txt
writing requirements to ../../build/temp_pkg/temp_pkg.egg-info/requires.txt
writing top-level names to ../../build/temp_pkg/temp_pkg.egg-info/top_level.txt
reading manifest file '../../build/temp_pkg/temp_pkg.egg-info/SOURCES.txt'
writing manifest file '../../build/temp_pkg/temp_pkg.egg-info/SOURCES.txt'
running build
running build_py
copying temp_pkg/temp_monitor.py -> /home/me/temp_ws/build/temp_pkg/build/lib/temp_pkg
running install
/usr/lib/python3/dist-packages/setuptools/command/install.py:34: SetuptoolsDeprecationWarning: setup.py install is deprecated. Use build and pip and other standards-based tools.
  warnings.warn(
running install_lib
copying /home/me/temp_ws/build/temp_pkg/build/lib/temp_pkg/temp_monitor.py -> /home/me/temp_ws/install/temp_pkg/lib/python3.10/site-packages/temp_pkg
byte-compiling /home/me/temp_ws/install/temp_pkg/lib/python3.10/site-packages/temp_pkg/temp_monitor.py to temp_monitor.cpython-310.pyc
running install_data
running install_egg_info
removing '/home/me/temp_ws/install/temp_pkg/lib/python3.10/site-packages/temp_pkg-0.0.0-py3.10.egg-info' (and everything under it)
Copying ../../build/temp_pkg/temp_pkg.egg-info to /home/me/temp_ws/install/temp_pkg/lib/python3.10/site-packages/temp_pkg-0.0.0-py3.10.egg-info
running install_scripts
Installing temp_monitor script to /home/me/temp_ws/install/temp_pkg/lib/temp_pkg
writing list of installed files to '/home/me/temp_ws/build/temp_pkg/install.log'
