running egg_info
creating ../../build/temp_pkg/temp_pkg.egg-info
writing ../../build/temp_pkg/temp_pkg.egg-info/PKG-INFO
writing dependency_links to ../../build/temp_pkg/temp_pkg.egg-info/dependency_links.txt
writing entry points to ../../build/temp_pkg/temp_pkg.egg-info/entry_points.txt
writing requirements to ../../build/temp_pkg/temp_pkg.egg-info/requires.txt
writing top-level names to ../../build/temp_pkg/temp_pkg.egg-info/top_level.txt
writing manifest file '../../build/temp_pkg/temp_pkg.egg-info/SOURCES.txt'
reading manifest file '../../build/temp_pkg/temp_pkg.egg-info/SOURCES.txt'
writing manifest file '../../build/temp_pkg/temp_pkg.egg-info/SOURCES.txt'
running build
running build_py
creating /home/me/temp_ws/build/temp_pkg/build
creating /home/me/temp_ws/build/temp_pkg/build/lib
creating /home/me/temp_ws/build/temp_pkg/build/lib/temp_pkg
copying temp_pkg/__init__.py -> /home/me/temp_ws/build/temp_pkg/build/lib/temp_pkg
running install
running install_lib
creating /home/me/temp_ws/install/temp_pkg/lib/python3.10/site-packages/temp_pkg
copying /home/me/temp_ws/build/temp_pkg/build/lib/temp_pkg/__init__.py -> /home/me/temp_ws/install/temp_pkg/lib/python3.10/site-packages/temp_pkg
byte-compiling /home/me/temp_ws/install/temp_pkg/lib/python3.10/site-packages/temp_pkg/__init__.py to __init__.cpython-310.pyc
running install_data
creating /home/me/temp_ws/install/temp_pkg/share/ament_index
creating /home/me/temp_ws/install/temp_pkg/share/ament_index/resource_index
creating /home/me/temp_ws/install/temp_pkg/share/ament_index/resource_index/packages
copying resource/temp_pkg -> /home/me/temp_ws/install/temp_pkg/share/ament_index/resource_index/packages
copying package.xml -> /home/me/temp_ws/install/temp_pkg/share/temp_pkg
running install_egg_info
Copying ../../build/temp_pkg/temp_pkg.egg-info to /home/me/temp_ws/install/temp_pkg/lib/python3.10/site-packages/temp_pkg-0.0.0-py3.10.egg-info
running install_scripts
writing list of installed files to '/home/me/temp_ws/build/temp_pkg/install.log'
