running egg_info
creating ../../build/temp_sense/temp_sense.egg-info
writing ../../build/temp_sense/temp_sense.egg-info/PKG-INFO
writing dependency_links to ../../build/temp_sense/temp_sense.egg-info/dependency_links.txt
writing entry points to ../../build/temp_sense/temp_sense.egg-info/entry_points.txt
writing requirements to ../../build/temp_sense/temp_sense.egg-info/requires.txt
writing top-level names to ../../build/temp_sense/temp_sense.egg-info/top_level.txt
writing manifest file '../../build/temp_sense/temp_sense.egg-info/SOURCES.txt'
reading manifest file '../../build/temp_sense/temp_sense.egg-info/SOURCES.txt'
writing manifest file '../../build/temp_sense/temp_sense.egg-info/SOURCES.txt'
running build
running build_py
creating /home/pi/rasp_ws/build/temp_sense/build
creating /home/pi/rasp_ws/build/temp_sense/build/lib
creating /home/pi/rasp_ws/build/temp_sense/build/lib/temp_sense
copying temp_sense/temp_sense.py -> /home/pi/rasp_ws/build/temp_sense/build/lib/temp_sense
copying temp_sense/__init__.py -> /home/pi/rasp_ws/build/temp_sense/build/lib/temp_sense
running install
/usr/lib/python3/dist-packages/setuptools/command/install.py:34: SetuptoolsDeprecationWarning: setup.py install is deprecated. Use build and pip and other standards-based tools.
  warnings.warn(
running install_lib
creating /home/pi/rasp_ws/install/temp_sense/lib/python3.10/site-packages/temp_sense
copying /home/pi/rasp_ws/build/temp_sense/build/lib/temp_sense/temp_sense.py -> /home/pi/rasp_ws/install/temp_sense/lib/python3.10/site-packages/temp_sense
copying /home/pi/rasp_ws/build/temp_sense/build/lib/temp_sense/__init__.py -> /home/pi/rasp_ws/install/temp_sense/lib/python3.10/site-packages/temp_sense
byte-compiling /home/pi/rasp_ws/install/temp_sense/lib/python3.10/site-packages/temp_sense/temp_sense.py to temp_sense.cpython-310.pyc
Sorry: IndentationError: expected an indented block after function definition on line 8 (temp_sense.py, line 9)
byte-compiling /home/pi/rasp_ws/install/temp_sense/lib/python3.10/site-packages/temp_sense/__init__.py to __init__.cpython-310.pyc
running install_data
creating /home/pi/rasp_ws/install/temp_sense/share/ament_index
creating /home/pi/rasp_ws/install/temp_sense/share/ament_index/resource_index
creating /home/pi/rasp_ws/install/temp_sense/share/ament_index/resource_index/packages
copying resource/temp_sense -> /home/pi/rasp_ws/install/temp_sense/share/ament_index/resource_index/packages
copying package.xml -> /home/pi/rasp_ws/install/temp_sense/share/temp_sense
running install_egg_info
Copying ../../build/temp_sense/temp_sense.egg-info to /home/pi/rasp_ws/install/temp_sense/lib/python3.10/site-packages/temp_sense-0.0.0-py3.10.egg-info
running install_scripts
writing list of installed files to '/home/pi/rasp_ws/build/temp_sense/install.log'
