[2.301s] Invoking command in '/home/pi/rasp_ws/src/temp_sense': PYTHONPATH=/home/pi/rasp_ws/install/temp_sense/lib/python3.10/site-packages:${PYTHONPATH} /usr/bin/python3 setup.py egg_info --egg-base ../../build/temp_sense build --build-base /home/pi/rasp_ws/build/temp_sense/build install --prefix /home/pi/rasp_ws/install/temp_sense --record /home/pi/rasp_ws/build/temp_sense/install.log --single-version-externally-managed
[3.157s] running egg_info
[3.159s] writing ../../build/temp_sense/temp_sense.egg-info/PKG-INFO
[3.160s] writing dependency_links to ../../build/temp_sense/temp_sense.egg-info/dependency_links.txt
[3.161s] writing entry points to ../../build/temp_sense/temp_sense.egg-info/entry_points.txt
[3.162s] writing requirements to ../../build/temp_sense/temp_sense.egg-info/requires.txt
[3.163s] writing top-level names to ../../build/temp_sense/temp_sense.egg-info/top_level.txt
[3.170s] reading manifest file '../../build/temp_sense/temp_sense.egg-info/SOURCES.txt'
[3.173s] writing manifest file '../../build/temp_sense/temp_sense.egg-info/SOURCES.txt'
[3.174s] running build
[3.174s] running build_py
[3.175s] copying temp_sense/temp_sense.py -> /home/pi/rasp_ws/build/temp_sense/build/lib/temp_sense
[3.176s] running install
[3.177s] /usr/lib/python3/dist-packages/setuptools/command/install.py:34: SetuptoolsDeprecationWarning: setup.py install is deprecated. Use build and pip and other standards-based tools.
[3.177s]   warnings.warn(
[3.178s] running install_lib
[3.181s] copying /home/pi/rasp_ws/build/temp_sense/build/lib/temp_sense/temp_sense.py -> /home/pi/rasp_ws/install/temp_sense/lib/python3.10/site-packages/temp_sense
[3.183s] byte-compiling /home/pi/rasp_ws/install/temp_sense/lib/python3.10/site-packages/temp_sense/temp_sense.py to temp_sense.cpython-310.pyc
[3.184s] Sorry: TabError: inconsistent use of tabs and spaces in indentation (temp_sense.py, line 9)
[3.184s] running install_data
[3.187s] running install_egg_info
[3.192s] removing '/home/pi/rasp_ws/install/temp_sense/lib/python3.10/site-packages/temp_sense-0.0.0-py3.10.egg-info' (and everything under it)
[3.194s] Copying ../../build/temp_sense/temp_sense.egg-info to /home/pi/rasp_ws/install/temp_sense/lib/python3.10/site-packages/temp_sense-0.0.0-py3.10.egg-info
[3.199s] running install_scripts
[3.274s] Installing temp_sense script to /home/pi/rasp_ws/install/temp_sense/lib/temp_sense
[3.275s] writing list of installed files to '/home/pi/rasp_ws/build/temp_sense/install.log'
[3.387s] Invoked command in '/home/pi/rasp_ws/src/temp_sense' returned '0': PYTHONPATH=/home/pi/rasp_ws/install/temp_sense/lib/python3.10/site-packages:${PYTHONPATH} /usr/bin/python3 setup.py egg_info --egg-base ../../build/temp_sense build --build-base /home/pi/rasp_ws/build/temp_sense/build install --prefix /home/pi/rasp_ws/install/temp_sense --record /home/pi/rasp_ws/build/temp_sense/install.log --single-version-externally-managed
