[1.115s] DEBUG:colcon:Command line arguments: ['/usr/bin/colcon', 'build']
[1.116s] DEBUG:colcon:Parsed command line arguments: Namespace(log_base=None, log_level=None, verb_name='build', build_base='build', install_base='install', merge_install=False, symlink_install=False, test_result_base=None, continue_on_error=False, executor='parallel', parallel_workers=4, event_handlers=None, ignore_user_meta=False, metas=['./colcon.meta'], base_paths=['.'], packages_ignore=None, packages_ignore_regex=None, paths=None, packages_up_to=None, packages_up_to_regex=None, packages_above=None, packages_above_and_dependencies=None, packages_above_depth=None, packages_select_by_dep=None, packages_skip_by_dep=None, packages_skip_up_to=None, packages_select_build_failed=False, packages_skip_build_finished=False, packages_select_test_failures=False, packages_skip_test_passed=False, packages_select=None, packages_skip=None, packages_select_regex=None, packages_skip_regex=None, packages_start=None, packages_end=None, allow_overriding=[], cmake_args=None, cmake_target=None, cmake_target_skip_unavailable=False, cmake_clean_cache=False, cmake_clean_first=False, cmake_force_configure=False, ament_cmake_args=None, catkin_cmake_args=None, catkin_skip_building_tests=False, verb_parser=<colcon_defaults.argument_parser.defaults.DefaultArgumentsDecorator object at 0xffffa2550610>, verb_extension=<colcon_core.verb.build.BuildVerb object at 0xffffa2f90610>, main=<bound method BuildVerb.main of <colcon_core.verb.build.BuildVerb object at 0xffffa2f90610>>)
[1.210s] Level 1:colcon.colcon_core.package_discovery:discover_packages(colcon_meta) check parameters
[1.211s] Level 1:colcon.colcon_core.package_discovery:discover_packages(recursive) check parameters
[1.211s] Level 1:colcon.colcon_core.package_discovery:discover_packages(ignore) check parameters
[1.211s] Level 1:colcon.colcon_core.package_discovery:discover_packages(path) check parameters
[1.211s] Level 1:colcon.colcon_core.package_discovery:discover_packages(colcon_meta) discover
[1.211s] Level 1:colcon.colcon_core.package_discovery:discover_packages(recursive) discover
[1.211s] INFO:colcon.colcon_core.package_discovery:Crawling recursively for packages in '/home/pi/rasp_ws'
[1.212s] Level 1:colcon.colcon_core.package_identification:_identify(.) by extensions ['ignore', 'ignore_ament_install']
[1.212s] Level 1:colcon.colcon_core.package_identification:_identify(.) by extension 'ignore'
[1.212s] Level 1:colcon.colcon_core.package_identification:_identify(.) by extension 'ignore_ament_install'
[1.213s] Level 1:colcon.colcon_core.package_identification:_identify(.) by extensions ['colcon_pkg']
[1.213s] Level 1:colcon.colcon_core.package_identification:_identify(.) by extension 'colcon_pkg'
[1.213s] Level 1:colcon.colcon_core.package_identification:_identify(.) by extensions ['colcon_meta']
[1.213s] Level 1:colcon.colcon_core.package_identification:_identify(.) by extension 'colcon_meta'
[1.213s] Level 1:colcon.colcon_core.package_identification:_identify(.) by extensions ['ros']
[1.213s] Level 1:colcon.colcon_core.package_identification:_identify(.) by extension 'ros'
[1.291s] Level 1:colcon.colcon_core.package_identification:_identify(.) by extensions ['cmake', 'python']
[1.291s] Level 1:colcon.colcon_core.package_identification:_identify(.) by extension 'cmake'
[1.291s] Level 1:colcon.colcon_core.package_identification:_identify(.) by extension 'python'
[1.292s] Level 1:colcon.colcon_core.package_identification:_identify(.) by extensions ['python_setup_py']
[1.292s] Level 1:colcon.colcon_core.package_identification:_identify(.) by extension 'python_setup_py'
[1.292s] Level 1:colcon.colcon_core.package_identification:_identify(build) by extensions ['ignore', 'ignore_ament_install']
[1.293s] Level 1:colcon.colcon_core.package_identification:_identify(build) by extension 'ignore'
[1.293s] Level 1:colcon.colcon_core.package_identification:_identify(build) ignored
[1.293s] Level 1:colcon.colcon_core.package_identification:_identify(install) by extensions ['ignore', 'ignore_ament_install']
[1.294s] Level 1:colcon.colcon_core.package_identification:_identify(install) by extension 'ignore'
[1.294s] Level 1:colcon.colcon_core.package_identification:_identify(install) ignored
[1.295s] Level 1:colcon.colcon_core.package_identification:_identify(log) by extensions ['ignore', 'ignore_ament_install']
[1.295s] Level 1:colcon.colcon_core.package_identification:_identify(log) by extension 'ignore'
[1.295s] Level 1:colcon.colcon_core.package_identification:_identify(log) ignored
[1.295s] Level 1:colcon.colcon_core.package_identification:_identify(src) by extensions ['ignore', 'ignore_ament_install']
[1.296s] Level 1:colcon.colcon_core.package_identification:_identify(src) by extension 'ignore'
[1.296s] Level 1:colcon.colcon_core.package_identification:_identify(src) by extension 'ignore_ament_install'
[1.296s] Level 1:colcon.colcon_core.package_identification:_identify(src) by extensions ['colcon_pkg']
[1.296s] Level 1:colcon.colcon_core.package_identification:_identify(src) by extension 'colcon_pkg'
[1.296s] Level 1:colcon.colcon_core.package_identification:_identify(src) by extensions ['colcon_meta']
[1.296s] Level 1:colcon.colcon_core.package_identification:_identify(src) by extension 'colcon_meta'
[1.297s] Level 1:colcon.colcon_core.package_identification:_identify(src) by extensions ['ros']
[1.297s] Level 1:colcon.colcon_core.package_identification:_identify(src) by extension 'ros'
[1.297s] Level 1:colcon.colcon_core.package_identification:_identify(src) by extensions ['cmake', 'python']
[1.297s] Level 1:colcon.colcon_core.package_identification:_identify(src) by extension 'cmake'
[1.297s] Level 1:colcon.colcon_core.package_identification:_identify(src) by extension 'python'
[1.298s] Level 1:colcon.colcon_core.package_identification:_identify(src) by extensions ['python_setup_py']
[1.298s] Level 1:colcon.colcon_core.package_identification:_identify(src) by extension 'python_setup_py'
[1.298s] Level 1:colcon.colcon_core.package_identification:_identify(src/temp_sense) by extensions ['ignore', 'ignore_ament_install']
[1.298s] Level 1:colcon.colcon_core.package_identification:_identify(src/temp_sense) by extension 'ignore'
[1.299s] Level 1:colcon.colcon_core.package_identification:_identify(src/temp_sense) by extension 'ignore_ament_install'
[1.299s] Level 1:colcon.colcon_core.package_identification:_identify(src/temp_sense) by extensions ['colcon_pkg']
[1.299s] Level 1:colcon.colcon_core.package_identification:_identify(src/temp_sense) by extension 'colcon_pkg'
[1.299s] Level 1:colcon.colcon_core.package_identification:_identify(src/temp_sense) by extensions ['colcon_meta']
[1.299s] Level 1:colcon.colcon_core.package_identification:_identify(src/temp_sense) by extension 'colcon_meta'
[1.299s] Level 1:colcon.colcon_core.package_identification:_identify(src/temp_sense) by extensions ['ros']
[1.300s] Level 1:colcon.colcon_core.package_identification:_identify(src/temp_sense) by extension 'ros'
[1.308s] DEBUG:colcon.colcon_core.package_identification:Package 'src/temp_sense' with type 'ros.ament_python' and name 'temp_sense'
[1.309s] Level 1:colcon.colcon_core.package_discovery:discover_packages(recursive) using defaults
[1.309s] Level 1:colcon.colcon_core.package_discovery:discover_packages(ignore) discover
[1.309s] Level 1:colcon.colcon_core.package_discovery:discover_packages(ignore) using defaults
[1.309s] Level 1:colcon.colcon_core.package_discovery:discover_packages(path) discover
[1.309s] Level 1:colcon.colcon_core.package_discovery:discover_packages(path) using defaults
[1.396s] Level 1:colcon.colcon_core.package_discovery:discover_packages(prefix_path) check parameters
[1.397s] Level 1:colcon.colcon_core.package_discovery:discover_packages(prefix_path) discover
[1.408s] DEBUG:colcon.colcon_installed_package_information.package_discovery:Found 2 installed packages in /home/pi/rasp_ws/install
[1.415s] DEBUG:colcon.colcon_installed_package_information.package_discovery:Found 180 installed packages in /opt/ros/humble
[1.423s] Level 1:colcon.colcon_core.package_discovery:discover_packages(prefix_path) using defaults
[1.581s] Level 5:colcon.colcon_core.verb:set package 'temp_sense' build argument 'cmake_args' from command line to 'None'
[1.581s] Level 5:colcon.colcon_core.verb:set package 'temp_sense' build argument 'cmake_target' from command line to 'None'
[1.581s] Level 5:colcon.colcon_core.verb:set package 'temp_sense' build argument 'cmake_target_skip_unavailable' from command line to 'False'
[1.581s] Level 5:colcon.colcon_core.verb:set package 'temp_sense' build argument 'cmake_clean_cache' from command line to 'False'
[1.581s] Level 5:colcon.colcon_core.verb:set package 'temp_sense' build argument 'cmake_clean_first' from command line to 'False'
[1.582s] Level 5:colcon.colcon_core.verb:set package 'temp_sense' build argument 'cmake_force_configure' from command line to 'False'
[1.582s] Level 5:colcon.colcon_core.verb:set package 'temp_sense' build argument 'ament_cmake_args' from command line to 'None'
[1.582s] Level 5:colcon.colcon_core.verb:set package 'temp_sense' build argument 'catkin_cmake_args' from command line to 'None'
[1.582s] Level 5:colcon.colcon_core.verb:set package 'temp_sense' build argument 'catkin_skip_building_tests' from command line to 'False'
[1.582s] DEBUG:colcon.colcon_core.verb:Building package 'temp_sense' with the following arguments: {'ament_cmake_args': None, 'build_base': '/home/pi/rasp_ws/build/temp_sense', 'catkin_cmake_args': None, 'catkin_skip_building_tests': False, 'cmake_args': None, 'cmake_clean_cache': False, 'cmake_clean_first': False, 'cmake_force_configure': False, 'cmake_target': None, 'cmake_target_skip_unavailable': False, 'install_base': '/home/pi/rasp_ws/install/temp_sense', 'merge_install': False, 'path': '/home/pi/rasp_ws/src/temp_sense', 'symlink_install': False, 'test_result_base': None}
[1.584s] INFO:colcon.colcon_core.executor:Executing jobs using 'parallel' executor
[1.598s] DEBUG:colcon.colcon_parallel_executor.executor.parallel:run_until_complete
[1.599s] INFO:colcon.colcon_ros.task.ament_python.build:Building ROS package in '/home/pi/rasp_ws/src/temp_sense' with build type 'ament_python'
[1.600s] Level 1:colcon.colcon_core.shell:create_environment_hook('temp_sense', 'ament_prefix_path')
[1.617s] INFO:colcon.colcon_core.plugin_system:Skipping extension 'colcon_core.shell.bat': Not used on non-Windows systems
[1.618s] INFO:colcon.colcon_core.shell:Creating environment hook '/home/pi/rasp_ws/install/temp_sense/share/temp_sense/hook/ament_prefix_path.ps1'
[1.621s] INFO:colcon.colcon_core.shell:Creating environment descriptor '/home/pi/rasp_ws/install/temp_sense/share/temp_sense/hook/ament_prefix_path.dsv'
[1.623s] INFO:colcon.colcon_core.shell:Creating environment hook '/home/pi/rasp_ws/install/temp_sense/share/temp_sense/hook/ament_prefix_path.sh'
[1.630s] INFO:colcon.colcon_core.shell:Skip shell extension 'powershell' for command environment: Not usable outside of PowerShell
[1.630s] DEBUG:colcon.colcon_core.shell:Skip shell extension 'dsv' for command environment
[2.590s] INFO:colcon.colcon_core.task.python.build:Building Python package in '/home/pi/rasp_ws/src/temp_sense'
[2.594s] INFO:colcon.colcon_core.shell:Skip shell extension 'powershell' for command environment: Not usable outside of PowerShell
[2.595s] DEBUG:colcon.colcon_core.shell:Skip shell extension 'dsv' for command environment
[3.906s] DEBUG:colcon.colcon_core.event_handler.log_command:Invoking command in '/home/pi/rasp_ws/src/temp_sense': PYTHONPATH=/home/pi/rasp_ws/install/temp_sense/lib/python3.10/site-packages:${PYTHONPATH} /usr/bin/python3 setup.py egg_info --egg-base ../../build/temp_sense build --build-base /home/pi/rasp_ws/build/temp_sense/build install --prefix /home/pi/rasp_ws/install/temp_sense --record /home/pi/rasp_ws/build/temp_sense/install.log --single-version-externally-managed
[5.003s] DEBUG:colcon.colcon_core.event_handler.log_command:Invoked command in '/home/pi/rasp_ws/src/temp_sense' returned '0': PYTHONPATH=/home/pi/rasp_ws/install/temp_sense/lib/python3.10/site-packages:${PYTHONPATH} /usr/bin/python3 setup.py egg_info --egg-base ../../build/temp_sense build --build-base /home/pi/rasp_ws/build/temp_sense/build install --prefix /home/pi/rasp_ws/install/temp_sense --record /home/pi/rasp_ws/build/temp_sense/install.log --single-version-externally-managed
[5.028s] Level 1:colcon.colcon_core.environment:checking '/home/pi/rasp_ws/install/temp_sense' for CMake module files
[5.030s] Level 1:colcon.colcon_core.environment:checking '/home/pi/rasp_ws/install/temp_sense' for CMake config files
[5.034s] Level 1:colcon.colcon_core.environment:checking '/home/pi/rasp_ws/install/temp_sense/lib'
[5.034s] Level 1:colcon.colcon_core.environment:checking '/home/pi/rasp_ws/install/temp_sense/bin'
[5.035s] Level 1:colcon.colcon_core.environment:checking '/home/pi/rasp_ws/install/temp_sense/lib/pkgconfig/temp_sense.pc'
[5.035s] Level 1:colcon.colcon_core.environment:checking '/home/pi/rasp_ws/install/temp_sense/lib/python3.10/site-packages'
[5.036s] Level 1:colcon.colcon_core.shell:create_environment_hook('temp_sense', 'pythonpath')
[5.040s] INFO:colcon.colcon_core.shell:Creating environment hook '/home/pi/rasp_ws/install/temp_sense/share/temp_sense/hook/pythonpath.ps1'
[5.042s] INFO:colcon.colcon_core.shell:Creating environment descriptor '/home/pi/rasp_ws/install/temp_sense/share/temp_sense/hook/pythonpath.dsv'
[5.043s] INFO:colcon.colcon_core.shell:Creating environment hook '/home/pi/rasp_ws/install/temp_sense/share/temp_sense/hook/pythonpath.sh'
[5.046s] Level 1:colcon.colcon_core.environment:checking '/home/pi/rasp_ws/install/temp_sense/bin'
[5.046s] Level 1:colcon.colcon_core.environment:create_environment_scripts_only(temp_sense)
[5.051s] INFO:colcon.colcon_core.shell:Creating package script '/home/pi/rasp_ws/install/temp_sense/share/temp_sense/package.ps1'
[5.054s] INFO:colcon.colcon_core.shell:Creating package descriptor '/home/pi/rasp_ws/install/temp_sense/share/temp_sense/package.dsv'
[5.057s] INFO:colcon.colcon_core.shell:Creating package script '/home/pi/rasp_ws/install/temp_sense/share/temp_sense/package.sh'
[5.060s] INFO:colcon.colcon_core.shell:Creating package script '/home/pi/rasp_ws/install/temp_sense/share/temp_sense/package.bash'
[5.063s] INFO:colcon.colcon_core.shell:Creating package script '/home/pi/rasp_ws/install/temp_sense/share/temp_sense/package.zsh'
[5.066s] Level 1:colcon.colcon_core.environment:create_file_with_runtime_dependencies(/home/pi/rasp_ws/install/temp_sense/share/colcon-core/packages/temp_sense)
[5.067s] DEBUG:colcon.colcon_parallel_executor.executor.parallel:closing loop
[5.068s] DEBUG:colcon.colcon_parallel_executor.executor.parallel:loop closed
[5.068s] DEBUG:colcon.colcon_parallel_executor.executor.parallel:run_until_complete finished with '0'
[5.069s] DEBUG:colcon.colcon_core.event_reactor:joining thread
[5.094s] INFO:colcon.colcon_core.plugin_system:Skipping extension 'colcon_notification.desktop_notification.notify_send': Could not find 'notify-send'
[5.094s] INFO:colcon.colcon_core.plugin_system:Skipping extension 'colcon_notification.desktop_notification.terminal_notifier': Not used on non-Darwin systems
[5.094s] INFO:colcon.colcon_core.plugin_system:Skipping extension 'colcon_notification.desktop_notification.win32': Not used on non-Windows systems
[5.094s] INFO:colcon.colcon_notification.desktop_notification:Sending desktop notification using 'notify2'
[5.097s] DEBUG:colcon.colcon_notification.desktop_notification.notify2:Failed to initialize notify2: org.freedesktop.DBus.Error.ServiceUnknown: The name org.freedesktop.Notifications was not provided by any .service files
[5.097s] DEBUG:colcon.colcon_core.event_reactor:joined thread
[5.102s] INFO:colcon.colcon_core.shell:Creating prefix script '/home/pi/rasp_ws/install/local_setup.ps1'
[5.107s] INFO:colcon.colcon_core.shell:Creating prefix util module '/home/pi/rasp_ws/install/_local_setup_util_ps1.py'
[5.114s] INFO:colcon.colcon_core.shell:Creating prefix chain script '/home/pi/rasp_ws/install/setup.ps1'
[5.120s] INFO:colcon.colcon_core.shell:Creating prefix script '/home/pi/rasp_ws/install/local_setup.sh'
[5.122s] INFO:colcon.colcon_core.shell:Creating prefix util module '/home/pi/rasp_ws/install/_local_setup_util_sh.py'
[5.124s] INFO:colcon.colcon_core.shell:Creating prefix chain script '/home/pi/rasp_ws/install/setup.sh'
[5.136s] INFO:colcon.colcon_core.shell:Creating prefix script '/home/pi/rasp_ws/install/local_setup.bash'
[5.139s] INFO:colcon.colcon_core.shell:Creating prefix chain script '/home/pi/rasp_ws/install/setup.bash'
[5.146s] INFO:colcon.colcon_core.shell:Creating prefix script '/home/pi/rasp_ws/install/local_setup.zsh'
[5.149s] INFO:colcon.colcon_core.shell:Creating prefix chain script '/home/pi/rasp_ws/install/setup.zsh'
